<component name="libraryTable">
  <library name="junit-4.13 (2)">
    <CLASSES>
      <root url="jar://$PROJECT_DIR$/Ajax&amp;Json/web/WEB-INF/lib/junit-4.13.jar!/" />
    </CLASSES>
    <JAVADOC />
    <SOURCES />
  </library>
</component>